E:\P1\P1\DEBUG\SOURCE.OBJ
E:\P1\P1\DEBUG\VC110.PDB
E:\P1\DEBUG\P1.ILK
E:\P1\DEBUG\P1.EXE
E:\P1\DEBUG\P1.PDB
E:\P1\P1\Debug\Source.obj
E:\P1\P1\Debug\CL.read.1.tlog
E:\P1\P1\Debug\CL.write.1.tlog
E:\P1\P1\Debug\cl.command.1.tlog
E:\P1\P1\Debug\link-rc.read.1.tlog
E:\P1\P1\Debug\link-rc.write.1.tlog
E:\P1\P1\Debug\link-cvtres.read.1.tlog
E:\P1\P1\Debug\link-cvtres.write.1.tlog
E:\P1\P1\Debug\link.read.1.tlog
E:\P1\P1\Debug\link.write.1.tlog
E:\P1\P1\Debug\link.command.1.tlog
E:\P1\P1\Debug\vc110.idb
E:\P1\P1\Debug\vc110.pdb
E:\P1\Debug\P1.pdb
E:\P1\Debug\P1.exe
E:\P1\Debug\P1.ilk
