F:\MN\LAB8\P1\P1\DEBUG\SOURCE.OBJ
F:\MN\LAB8\P1\P1\DEBUG\VC110.PDB
F:\MN\LAB8\P1\DEBUG\P1.ILK
F:\MN\LAB8\P1\DEBUG\P1.EXE
F:\MN\LAB8\P1\DEBUG\P1.PDB
F:\mn\LAB8\P1\P1\Debug\Source.obj
F:\mn\LAB8\P1\P1\Debug\CL.read.1.tlog
F:\mn\LAB8\P1\P1\Debug\CL.write.1.tlog
F:\mn\LAB8\P1\P1\Debug\cl.command.1.tlog
F:\mn\LAB8\P1\P1\Debug\link-rc.read.1.tlog
F:\mn\LAB8\P1\P1\Debug\link-rc.write.1.tlog
F:\mn\LAB8\P1\P1\Debug\link-cvtres.read.1.tlog
F:\mn\LAB8\P1\P1\Debug\link-cvtres.write.1.tlog
F:\mn\LAB8\P1\P1\Debug\link.read.1.tlog
F:\mn\LAB8\P1\P1\Debug\link.write.1.tlog
F:\mn\LAB8\P1\P1\Debug\link.command.1.tlog
F:\mn\LAB8\P1\P1\Debug\link.2868-rc.read.1.tlog
F:\mn\LAB8\P1\P1\Debug\link.2868-rc.write.1.tlog
F:\mn\LAB8\P1\P1\Debug\link.2740-rc.read.1.tlog
F:\mn\LAB8\P1\P1\Debug\link.2740-rc.write.1.tlog
F:\mn\LAB8\P1\P1\Debug\link.2740-cvtres.read.1.tlog
F:\mn\LAB8\P1\P1\Debug\link.2740-cvtres.write.1.tlog
F:\mn\LAB8\P1\P1\Debug\link.2740.read.1.tlog
F:\mn\LAB8\P1\P1\Debug\link.2740.write.1.tlog
F:\mn\LAB8\P1\P1\Debug\link.2868-cvtres.read.1.tlog
F:\mn\LAB8\P1\P1\Debug\link.2868-cvtres.write.1.tlog
F:\mn\LAB8\P1\P1\Debug\link.2868.read.1.tlog
F:\mn\LAB8\P1\P1\Debug\link.3244-rc.read.1.tlog
F:\mn\LAB8\P1\P1\Debug\link.3244-rc.write.1.tlog
F:\mn\LAB8\P1\P1\Debug\link.3244-cvtres.read.1.tlog
F:\mn\LAB8\P1\P1\Debug\link.3244-cvtres.write.1.tlog
F:\mn\LAB8\P1\P1\Debug\link.3244.read.1.tlog
F:\mn\LAB8\P1\P1\Debug\link.3244.write.1.tlog
F:\mn\LAB8\P1\P1\Debug\link.2868.write.1.tlog
F:\mn\LAB8\P1\P1\Debug\link.3972-rc.read.1.tlog
F:\mn\LAB8\P1\P1\Debug\link.3972-rc.write.1.tlog
F:\mn\LAB8\P1\P1\Debug\link.3972-cvtres.read.1.tlog
F:\mn\LAB8\P1\P1\Debug\link.3972-cvtres.write.1.tlog
F:\mn\LAB8\P1\P1\Debug\link.3972.read.1.tlog
F:\mn\LAB8\P1\P1\Debug\link.3972.write.1.tlog
F:\mn\LAB8\P1\P1\Debug\link.1600-rc.read.1.tlog
F:\mn\LAB8\P1\P1\Debug\link.1600-rc.write.1.tlog
F:\mn\LAB8\P1\P1\Debug\link.1600-cvtres.read.1.tlog
F:\mn\LAB8\P1\P1\Debug\link.1600-cvtres.write.1.tlog
F:\mn\LAB8\P1\P1\Debug\link.1600.read.1.tlog
F:\mn\LAB8\P1\P1\Debug\link.1600.write.1.tlog
F:\mn\LAB8\P1\P1\Debug\link.3232-rc.read.1.tlog
F:\mn\LAB8\P1\P1\Debug\link.3232-rc.write.1.tlog
F:\mn\LAB8\P1\P1\Debug\link.3232-cvtres.read.1.tlog
F:\mn\LAB8\P1\P1\Debug\link.3232-cvtres.write.1.tlog
F:\mn\LAB8\P1\P1\Debug\link.3232.read.1.tlog
F:\mn\LAB8\P1\P1\Debug\link.3232.write.1.tlog
F:\mn\LAB8\P1\P1\Debug\link.1348-rc.read.1.tlog
F:\mn\LAB8\P1\P1\Debug\link.1348-rc.write.1.tlog
F:\mn\LAB8\P1\P1\Debug\link.1348-cvtres.read.1.tlog
F:\mn\LAB8\P1\P1\Debug\link.1348-cvtres.write.1.tlog
F:\mn\LAB8\P1\P1\Debug\link.1348.read.1.tlog
F:\mn\LAB8\P1\P1\Debug\link.1348.write.1.tlog
F:\mn\LAB8\P1\P1\Debug\vc110.idb
F:\mn\LAB8\P1\P1\Debug\vc110.pdb
F:\mn\LAB8\P1\Debug\P1.pdb
F:\mn\LAB8\P1\Debug\P1.exe
F:\mn\LAB8\P1\Debug\P1.ilk
