F:\MN\LAB9\P1\P1\DEBUG\SOURCE.OBJ
F:\MN\LAB9\P1\P1\DEBUG\VC110.PDB
F:\MN\LAB9\P1\DEBUG\P1.ILK
F:\MN\LAB9\P1\DEBUG\P1.EXE
F:\MN\LAB9\P1\DEBUG\P1.PDB
F:\mn\LAB9\P1\P1\Debug\Source.obj
F:\mn\LAB9\P1\P1\Debug\CL.read.1.tlog
F:\mn\LAB9\P1\P1\Debug\CL.write.1.tlog
F:\mn\LAB9\P1\P1\Debug\cl.command.1.tlog
F:\mn\LAB9\P1\P1\Debug\link-rc.read.1.tlog
F:\mn\LAB9\P1\P1\Debug\link-rc.write.1.tlog
F:\mn\LAB9\P1\P1\Debug\link-cvtres.read.1.tlog
F:\mn\LAB9\P1\P1\Debug\link-cvtres.write.1.tlog
F:\mn\LAB9\P1\P1\Debug\link.read.1.tlog
F:\mn\LAB9\P1\P1\Debug\link.write.1.tlog
F:\mn\LAB9\P1\P1\Debug\link.command.1.tlog
F:\mn\LAB9\P1\P1\Debug\link.2612-rc.read.1.tlog
F:\mn\LAB9\P1\P1\Debug\link.2612-rc.write.1.tlog
F:\mn\LAB9\P1\P1\Debug\link.2612-cvtres.read.1.tlog
F:\mn\LAB9\P1\P1\Debug\link.2612-cvtres.write.1.tlog
F:\mn\LAB9\P1\P1\Debug\link.2612.read.1.tlog
F:\mn\LAB9\P1\P1\Debug\link.2612.write.1.tlog
F:\mn\LAB9\P1\P1\Debug\link.2816-rc.read.1.tlog
F:\mn\LAB9\P1\P1\Debug\link.2816-rc.write.1.tlog
F:\mn\LAB9\P1\P1\Debug\link.2816-cvtres.read.1.tlog
F:\mn\LAB9\P1\P1\Debug\link.2816-cvtres.write.1.tlog
F:\mn\LAB9\P1\P1\Debug\link.2816.read.1.tlog
F:\mn\LAB9\P1\P1\Debug\link.2816.write.1.tlog
F:\mn\LAB9\P1\P1\Debug\vc110.idb
F:\mn\LAB9\P1\P1\Debug\vc110.pdb
F:\mn\LAB9\P1\Debug\P1.pdb
F:\mn\LAB9\P1\Debug\P1.exe
F:\mn\LAB9\P1\Debug\P1.ilk
