F:\P1\P1\DEBUG\SOURCE.OBJ
F:\P1\P1\DEBUG\VC110.PDB
F:\P1\DEBUG\P1.ILK
F:\P1\DEBUG\P1.EXE
F:\P1\DEBUG\P1.PDB
F:\P1\P1\Debug\Source.obj
F:\P1\P1\Debug\CL.read.1.tlog
F:\P1\P1\Debug\CL.write.1.tlog
F:\P1\P1\Debug\cl.command.1.tlog
F:\P1\P1\Debug\link-rc.read.1.tlog
F:\P1\P1\Debug\link-rc.write.1.tlog
F:\P1\P1\Debug\link-cvtres.read.1.tlog
F:\P1\P1\Debug\link-cvtres.write.1.tlog
F:\P1\P1\Debug\link.read.1.tlog
F:\P1\P1\Debug\link.write.1.tlog
F:\P1\P1\Debug\link.command.1.tlog
F:\P1\P1\Debug\vc110.idb
F:\P1\P1\Debug\vc110.pdb
F:\P1\Debug\P1.pdb
F:\P1\Debug\P1.exe
F:\P1\Debug\P1.ilk
